Build started 3/1/2012 3:47:20 PM.
     1>Project "U:\Documents\Visual Studio 2010\Projects\AI-hw2\AI-hw2\AI-hw2.vcxproj" on node 2 (build target(s)).
     1>InitializeBuildStatus:
         Creating "Debug\AI-hw2.unsuccessfulbuild" because "AlwaysCreate" was specified.
       ClCompile:
         c:\Program Files\Microsoft Visual Studio 10.0\VC\bin\CL.exe /c /ZI /nologo /W3 /WX- /Od /Oy- /D _MBCS /Gm /EHsc /RTC1 /MDd /GS /fp:precise /Zc:wchar_t /Zc:forScope /Fo"Debug\\" /Fd"Debug\vc100.pdb" /Gd /TP /analyze- /errorReport:prompt main.cpp
         main.cpp
     1>u:\documents\visual studio 2010\projects\ai-hw2\ai-hw2\main.cpp(43): warning C4244: 'argument' : conversion from 'time_t' to 'unsigned int', possible loss of data
     1>u:\documents\visual studio 2010\projects\ai-hw2\ai-hw2\main.cpp(73): warning C4244: '+=' : conversion from 'double' to 'int', possible loss of data
     1>u:\documents\visual studio 2010\projects\ai-hw2\ai-hw2\main.cpp(75): warning C4244: '+=' : conversion from 'double' to 'int', possible loss of data
     1>u:\documents\visual studio 2010\projects\ai-hw2\ai-hw2\main.cpp(84): warning C4244: 'argument' : conversion from 'time_t' to 'unsigned int', possible loss of data
     1>u:\documents\visual studio 2010\projects\ai-hw2\ai-hw2\main.cpp(114): warning C4244: 'argument' : conversion from 'time_t' to 'unsigned int', possible loss of data
     1>u:\documents\visual studio 2010\projects\ai-hw2\ai-hw2\main.cpp(134): warning C4244: '=' : conversion from 'double' to 'int', possible loss of data
       Link:
         c:\Program Files\Microsoft Visual Studio 10.0\VC\bin\link.exe /ERRORREPORT:PROMPT /OUT:"U:\Documents\Visual Studio 2010\Projects\AI-hw2\Debug\AI-hw2.exe" /NOLOGO kernel32.lib user32.lib gdi32.lib winspool.lib comdlg32.lib advapi32.lib shell32.lib ole32.lib oleaut32.lib uuid.lib odbc32.lib odbccp32.lib /MANIFEST /ManifestFile:"Debug\AI-hw2.exe.intermediate.manifest" /MANIFESTUAC:"level='asInvoker' uiAccess='false'" /DEBUG /PDB:"U:\Documents\Visual Studio 2010\Projects\AI-hw2\Debug\AI-hw2.pdb" /TLBID:1 /DYNAMICBASE /NXCOMPAT /IMPLIB:"U:\Documents\Visual Studio 2010\Projects\AI-hw2\Debug\AI-hw2.lib" /MACHINE:X86 Debug\main.obj
         LINK : U:\Documents\Visual Studio 2010\Projects\AI-hw2\Debug\AI-hw2.exe not found or not built by the last incremental link; performing full link
         AI-hw2.vcxproj -> U:\Documents\Visual Studio 2010\Projects\AI-hw2\Debug\AI-hw2.exe
       Manifest:
         C:\Program Files\Microsoft SDKs\Windows\v7.0A\bin\mt.exe /nologo /verbose /outputresource:"U:\Documents\Visual Studio 2010\Projects\AI-hw2\Debug\AI-hw2.exe;#1" /manifest "Debug\AI-hw2.exe.intermediate.manifest"
       FinalizeBuildStatus:
         Deleting file "Debug\AI-hw2.unsuccessfulbuild".
         Touching "Debug\AI-hw2.lastbuildstate".
     1>Done Building Project "U:\Documents\Visual Studio 2010\Projects\AI-hw2\AI-hw2\AI-hw2.vcxproj" (build target(s)).

Build succeeded.

Time Elapsed 00:00:02.14
